<?xml version="1.0" encoding="UTF-8"?>
<!-- Generated by org.testng.reporters.JUnitReportReporter -->
<testsuite skipped="0" hostname="Rachna-ThinkBook" name="D2.Demo1.Test1" tests="2" failures="0" timestamp="2020-01-17T13:29:41 CST" time="0.013" errors="0">
  <testcase name="Carlogin" time="0.012" classname="D2.Demo1.Test1"/>
  <testcase name="Mobilelogin" time="0.001" classname="D2.Demo1.Test1"/>
</testsuite> <!-- D2.Demo1.Test1 -->
